[0.063s] Invoking command in '/home/pdy/KDTA.ROS2/msg_svr_action_interface_example/build/msg_svr_action_interface_example': CMAKE_PREFIX_PATH=${CMAKE_PREFIX_PATH}:/opt/ros/humble /usr/bin/cmake /home/pdy/KDTA.ROS2/msg_svr_action_interface_example -DAMENT_CMAKE_SYMLINK_INSTALL=1 -DCMAKE_INSTALL_PREFIX=/home/pdy/KDTA.ROS2/msg_svr_action_interface_example/install/msg_svr_action_interface_example
[0.580s] -- The C compiler identification is GNU 11.4.0
[1.058s] -- The CXX compiler identification is GNU 11.4.0
[1.112s] -- Detecting C compiler ABI info
[1.569s] -- Detecting C compiler ABI info - done
[1.610s] -- Check for working C compiler: /usr/bin/cc - skipped
[1.619s] -- Detecting C compile features
[1.624s] -- Detecting C compile features - done
[1.665s] -- Detecting CXX compiler ABI info
[2.206s] -- Detecting CXX compiler ABI info - done
[2.227s] -- Check for working CXX compiler: /usr/bin/c++ - skipped
[2.227s] -- Detecting CXX compile features
[2.229s] -- Detecting CXX compile features - done
[2.270s] -- Found ament_cmake: 1.3.9 (/opt/ros/humble/share/ament_cmake/cmake)
[2.966s] -- Found Python3: /usr/bin/python3 (found version "3.10.12") found components: Interpreter 
[3.302s] -- Override CMake install command with custom implementation using symlinks instead of copying resources
[3.555s] -- Found ament_lint_auto: 0.12.11 (/opt/ros/humble/share/ament_lint_auto/cmake)
[3.568s] -- Found rosidl_default_generators: 1.2.0 (/opt/ros/humble/share/rosidl_default_generators/cmake)
[3.593s] -- Using all available rosidl_typesupport_c: rosidl_typesupport_fastrtps_c;rosidl_typesupport_introspection_c
[3.632s] -- Found rosidl_adapter: 3.1.5 (/opt/ros/humble/share/rosidl_adapter/cmake)
[3.949s] -- Using all available rosidl_typesupport_cpp: rosidl_typesupport_fastrtps_cpp;rosidl_typesupport_introspection_cpp
[4.630s] [31mCMake Error at /opt/ros/humble/share/rosidl_cmake/cmake/rosidl_generate_interfaces.cmake:213 (add_custom_target):
[4.631s]   The target name "$(PROJUCT_NAME)" is reserved or not valid for certain
[4.631s]   CMake features, such as generator expressions, and may result in undefined
[4.631s]   behavior.
[4.631s] Call Stack (most recent call first):
[4.631s]   CMakeLists.txt:18 (rosidl_generate_interfaces)
[4.632s] 
[4.632s] [0m
[4.975s] -- Configuring incomplete, errors occurred!
[4.975s] See also "/home/pdy/KDTA.ROS2/msg_svr_action_interface_example/build/msg_svr_action_interface_example/CMakeFiles/CMakeOutput.log".
[5.033s] Invoked command in '/home/pdy/KDTA.ROS2/msg_svr_action_interface_example/build/msg_svr_action_interface_example' returned '1': CMAKE_PREFIX_PATH=${CMAKE_PREFIX_PATH}:/opt/ros/humble /usr/bin/cmake /home/pdy/KDTA.ROS2/msg_svr_action_interface_example -DAMENT_CMAKE_SYMLINK_INSTALL=1 -DCMAKE_INSTALL_PREFIX=/home/pdy/KDTA.ROS2/msg_svr_action_interface_example/install/msg_svr_action_interface_example
