[0.272s] DEBUG:colcon:Command line arguments: ['/usr/bin/colcon', 'build', '--symlink-install']
[0.273s] DEBUG:colcon:Parsed command line arguments: Namespace(log_base=None, log_level=None, verb_name='build', build_base='build', install_base='install', merge_install=False, symlink_install=True, test_result_base=None, continue_on_error=False, executor='parallel', parallel_workers=2, event_handlers=None, ignore_user_meta=False, metas=['./colcon.meta'], base_paths=['.'], packages_ignore=None, packages_ignore_regex=None, paths=None, packages_up_to=None, packages_up_to_regex=None, packages_above=None, packages_above_and_dependencies=None, packages_above_depth=None, packages_select_by_dep=None, packages_skip_by_dep=None, packages_skip_up_to=None, packages_select_build_failed=False, packages_skip_build_finished=False, packages_select_test_failures=False, packages_skip_test_passed=False, packages_select=None, packages_skip=None, packages_select_regex=None, packages_skip_regex=None, packages_start=None, packages_end=None, allow_overriding=[], cmake_args=None, cmake_target=None, cmake_target_skip_unavailable=False, cmake_clean_cache=False, cmake_clean_first=False, cmake_force_configure=False, ament_cmake_args=None, catkin_cmake_args=None, catkin_skip_building_tests=False, mixin_files=None, mixin=None, verb_parser=<colcon_mixin.mixin.mixin_argument.MixinArgumentDecorator object at 0x7811982fe920>, verb_extension=<colcon_core.verb.build.BuildVerb object at 0x78119844ef50>, main=<bound method BuildVerb.main of <colcon_core.verb.build.BuildVerb object at 0x78119844ef50>>, mixin_verb=('build',))
[0.732s] Level 1:colcon.colcon_core.package_discovery:discover_packages(colcon_meta) check parameters
[0.733s] Level 1:colcon.colcon_core.package_discovery:discover_packages(recursive) check parameters
[0.733s] Level 1:colcon.colcon_core.package_discovery:discover_packages(ignore) check parameters
[0.734s] Level 1:colcon.colcon_core.package_discovery:discover_packages(path) check parameters
[0.734s] Level 1:colcon.colcon_core.package_discovery:discover_packages(colcon_meta) discover
[0.734s] Level 1:colcon.colcon_core.package_discovery:discover_packages(recursive) discover
[0.734s] INFO:colcon.colcon_core.package_discovery:Crawling recursively for packages in '/home/pdy/KDTA.ROS2/interface_example'
[0.735s] Level 1:colcon.colcon_core.package_identification:_identify(.) by extensions ['ignore', 'ignore_ament_install']
[0.736s] Level 1:colcon.colcon_core.package_identification:_identify(.) by extension 'ignore'
[0.736s] Level 1:colcon.colcon_core.package_identification:_identify(.) by extension 'ignore_ament_install'
[0.736s] Level 1:colcon.colcon_core.package_identification:_identify(.) by extensions ['colcon_pkg']
[0.737s] Level 1:colcon.colcon_core.package_identification:_identify(.) by extension 'colcon_pkg'
[0.737s] Level 1:colcon.colcon_core.package_identification:_identify(.) by extensions ['colcon_meta']
[0.738s] Level 1:colcon.colcon_core.package_identification:_identify(.) by extension 'colcon_meta'
[0.738s] Level 1:colcon.colcon_core.package_identification:_identify(.) by extensions ['ros']
[0.739s] Level 1:colcon.colcon_core.package_identification:_identify(.) by extension 'ros'
[0.773s] Level 1:colcon.colcon_core.package_identification:_identify(.) by extensions ['cmake', 'python']
[0.773s] Level 1:colcon.colcon_core.package_identification:_identify(.) by extension 'cmake'
[0.774s] Level 1:colcon.colcon_core.package_identification:_identify(.) by extension 'python'
[0.774s] Level 1:colcon.colcon_core.package_identification:_identify(.) by extensions ['python_setup_py']
[0.774s] Level 1:colcon.colcon_core.package_identification:_identify(.) by extension 'python_setup_py'
[0.775s] Level 1:colcon.colcon_core.package_identification:_identify(build) by extensions ['ignore', 'ignore_ament_install']
[0.775s] Level 1:colcon.colcon_core.package_identification:_identify(build) by extension 'ignore'
[0.776s] Level 1:colcon.colcon_core.package_identification:_identify(build) ignored
[0.776s] Level 1:colcon.colcon_core.package_identification:_identify(install) by extensions ['ignore', 'ignore_ament_install']
[0.777s] Level 1:colcon.colcon_core.package_identification:_identify(install) by extension 'ignore'
[0.777s] Level 1:colcon.colcon_core.package_identification:_identify(install) ignored
[0.778s] Level 1:colcon.colcon_core.package_identification:_identify(log) by extensions ['ignore', 'ignore_ament_install']
[0.778s] Level 1:colcon.colcon_core.package_identification:_identify(log) by extension 'ignore'
[0.778s] Level 1:colcon.colcon_core.package_identification:_identify(log) ignored
[0.779s] Level 1:colcon.colcon_core.package_identification:_identify(msg_svr_action_interface_example) by extensions ['ignore', 'ignore_ament_install']
[0.779s] Level 1:colcon.colcon_core.package_identification:_identify(msg_svr_action_interface_example) by extension 'ignore'
[0.779s] Level 1:colcon.colcon_core.package_identification:_identify(msg_svr_action_interface_example) by extension 'ignore_ament_install'
[0.780s] Level 1:colcon.colcon_core.package_identification:_identify(msg_svr_action_interface_example) by extensions ['colcon_pkg']
[0.780s] Level 1:colcon.colcon_core.package_identification:_identify(msg_svr_action_interface_example) by extension 'colcon_pkg'
[0.781s] Level 1:colcon.colcon_core.package_identification:_identify(msg_svr_action_interface_example) by extensions ['colcon_meta']
[0.781s] Level 1:colcon.colcon_core.package_identification:_identify(msg_svr_action_interface_example) by extension 'colcon_meta'
[0.781s] Level 1:colcon.colcon_core.package_identification:_identify(msg_svr_action_interface_example) by extensions ['ros']
[0.781s] Level 1:colcon.colcon_core.package_identification:_identify(msg_svr_action_interface_example) by extension 'ros'
[0.818s] DEBUG:colcon.colcon_core.package_identification:Package 'msg_svr_action_interface_example' with type 'ros.ament_cmake' and name 'interface_example'
[0.819s] Level 1:colcon.colcon_core.package_discovery:discover_packages(recursive) using defaults
[0.819s] Level 1:colcon.colcon_core.package_discovery:discover_packages(ignore) discover
[0.819s] Level 1:colcon.colcon_core.package_discovery:discover_packages(ignore) using defaults
[0.819s] Level 1:colcon.colcon_core.package_discovery:discover_packages(path) discover
[0.819s] Level 1:colcon.colcon_core.package_discovery:discover_packages(path) using defaults
[0.869s] Level 1:colcon.colcon_core.package_discovery:discover_packages(prefix_path) check parameters
[0.871s] Level 1:colcon.colcon_core.package_discovery:discover_packages(prefix_path) discover
[0.880s] DEBUG:colcon.colcon_installed_package_information.package_discovery:Found 3 installed packages in /home/pdy/kdta_ws/install
[0.886s] DEBUG:colcon.colcon_installed_package_information.package_discovery:Found 373 installed packages in /opt/ros/humble
[0.926s] Level 1:colcon.colcon_core.package_discovery:discover_packages(prefix_path) using defaults
[1.110s] Level 5:colcon.colcon_core.verb:set package 'interface_example' build argument 'cmake_args' from command line to 'None'
[1.110s] Level 5:colcon.colcon_core.verb:set package 'interface_example' build argument 'cmake_target' from command line to 'None'
[1.111s] Level 5:colcon.colcon_core.verb:set package 'interface_example' build argument 'cmake_target_skip_unavailable' from command line to 'False'
[1.111s] Level 5:colcon.colcon_core.verb:set package 'interface_example' build argument 'cmake_clean_cache' from command line to 'False'
[1.111s] Level 5:colcon.colcon_core.verb:set package 'interface_example' build argument 'cmake_clean_first' from command line to 'False'
[1.112s] Level 5:colcon.colcon_core.verb:set package 'interface_example' build argument 'cmake_force_configure' from command line to 'False'
[1.112s] Level 5:colcon.colcon_core.verb:set package 'interface_example' build argument 'ament_cmake_args' from command line to 'None'
[1.112s] Level 5:colcon.colcon_core.verb:set package 'interface_example' build argument 'catkin_cmake_args' from command line to 'None'
[1.112s] Level 5:colcon.colcon_core.verb:set package 'interface_example' build argument 'catkin_skip_building_tests' from command line to 'False'
[1.112s] DEBUG:colcon.colcon_core.verb:Building package 'interface_example' with the following arguments: {'ament_cmake_args': None, 'build_base': '/home/pdy/KDTA.ROS2/interface_example/build/interface_example', 'catkin_cmake_args': None, 'catkin_skip_building_tests': False, 'cmake_args': None, 'cmake_clean_cache': False, 'cmake_clean_first': False, 'cmake_force_configure': False, 'cmake_target': None, 'cmake_target_skip_unavailable': False, 'install_base': '/home/pdy/KDTA.ROS2/interface_example/install/interface_example', 'merge_install': False, 'path': '/home/pdy/KDTA.ROS2/interface_example/msg_svr_action_interface_example', 'symlink_install': True, 'test_result_base': None}
[1.113s] INFO:colcon.colcon_core.executor:Executing jobs using 'parallel' executor
[1.123s] DEBUG:colcon.colcon_parallel_executor.executor.parallel:run_until_complete
[1.124s] INFO:colcon.colcon_ros.task.ament_cmake.build:Building ROS package in '/home/pdy/KDTA.ROS2/interface_example/msg_svr_action_interface_example' with build type 'ament_cmake'
[1.125s] INFO:colcon.colcon_cmake.task.cmake.build:Building CMake package in '/home/pdy/KDTA.ROS2/interface_example/msg_svr_action_interface_example'
[1.147s] INFO:colcon.colcon_core.plugin_system:Skipping extension 'colcon_core.shell.bat': Not used on non-Windows systems
[1.147s] INFO:colcon.colcon_core.shell:Skip shell extension 'powershell' for command environment: Not usable outside of PowerShell
[1.147s] DEBUG:colcon.colcon_core.shell:Skip shell extension 'dsv' for command environment
[1.197s] DEBUG:colcon.colcon_core.event_handler.log_command:Invoking command in '/home/pdy/KDTA.ROS2/interface_example/build/interface_example': CMAKE_PREFIX_PATH=${CMAKE_PREFIX_PATH}:/opt/ros/humble /usr/bin/cmake /home/pdy/KDTA.ROS2/interface_example/msg_svr_action_interface_example -DAMENT_CMAKE_SYMLINK_INSTALL=1 -DCMAKE_INSTALL_PREFIX=/home/pdy/KDTA.ROS2/interface_example/install/interface_example
[7.519s] DEBUG:colcon.colcon_core.event_handler.log_command:Invoked command in '/home/pdy/KDTA.ROS2/interface_example/build/interface_example' returned '0': CMAKE_PREFIX_PATH=${CMAKE_PREFIX_PATH}:/opt/ros/humble /usr/bin/cmake /home/pdy/KDTA.ROS2/interface_example/msg_svr_action_interface_example -DAMENT_CMAKE_SYMLINK_INSTALL=1 -DCMAKE_INSTALL_PREFIX=/home/pdy/KDTA.ROS2/interface_example/install/interface_example
[7.528s] DEBUG:colcon.colcon_core.event_handler.log_command:Invoking command in '/home/pdy/KDTA.ROS2/interface_example/build/interface_example': CMAKE_PREFIX_PATH=${CMAKE_PREFIX_PATH}:/opt/ros/humble /usr/bin/cmake --build /home/pdy/KDTA.ROS2/interface_example/build/interface_example -- -j2 -l2
[29.305s] DEBUG:colcon.colcon_core.event_handler.log_command:Invoked command in '/home/pdy/KDTA.ROS2/interface_example/build/interface_example' returned '0': CMAKE_PREFIX_PATH=${CMAKE_PREFIX_PATH}:/opt/ros/humble /usr/bin/cmake --build /home/pdy/KDTA.ROS2/interface_example/build/interface_example -- -j2 -l2
[29.639s] DEBUG:colcon.colcon_core.event_handler.log_command:Invoking command in '/home/pdy/KDTA.ROS2/interface_example/build/interface_example': CMAKE_PREFIX_PATH=${CMAKE_PREFIX_PATH}:/opt/ros/humble /usr/bin/cmake --install /home/pdy/KDTA.ROS2/interface_example/build/interface_example
[32.284s] Level 1:colcon.colcon_core.environment:create_environment_scripts_only(interface_example)
[32.301s] DEBUG:colcon.colcon_core.event_handler.log_command:Invoked command in '/home/pdy/KDTA.ROS2/interface_example/build/interface_example' returned '0': CMAKE_PREFIX_PATH=${CMAKE_PREFIX_PATH}:/opt/ros/humble /usr/bin/cmake --install /home/pdy/KDTA.ROS2/interface_example/build/interface_example
[32.303s] Level 1:colcon.colcon_core.environment:checking '/home/pdy/KDTA.ROS2/interface_example/install/interface_example' for CMake module files
[32.305s] Level 1:colcon.colcon_core.environment:checking '/home/pdy/KDTA.ROS2/interface_example/install/interface_example' for CMake config files
[32.307s] Level 1:colcon.colcon_core.shell:create_environment_hook('interface_example', 'cmake_prefix_path')
[32.308s] INFO:colcon.colcon_core.shell:Creating environment hook '/home/pdy/KDTA.ROS2/interface_example/install/interface_example/share/interface_example/hook/cmake_prefix_path.ps1'
[32.313s] INFO:colcon.colcon_core.shell:Creating environment descriptor '/home/pdy/KDTA.ROS2/interface_example/install/interface_example/share/interface_example/hook/cmake_prefix_path.dsv'
[32.316s] INFO:colcon.colcon_core.shell:Creating environment hook '/home/pdy/KDTA.ROS2/interface_example/install/interface_example/share/interface_example/hook/cmake_prefix_path.sh'
[32.320s] Level 1:colcon.colcon_core.environment:checking '/home/pdy/KDTA.ROS2/interface_example/install/interface_example/lib'
[32.323s] Level 1:colcon.colcon_core.shell:create_environment_hook('interface_example', 'ld_library_path_lib')
[32.324s] INFO:colcon.colcon_core.shell:Creating environment hook '/home/pdy/KDTA.ROS2/interface_example/install/interface_example/share/interface_example/hook/ld_library_path_lib.ps1'
[32.326s] INFO:colcon.colcon_core.shell:Creating environment descriptor '/home/pdy/KDTA.ROS2/interface_example/install/interface_example/share/interface_example/hook/ld_library_path_lib.dsv'
[32.327s] INFO:colcon.colcon_core.shell:Creating environment hook '/home/pdy/KDTA.ROS2/interface_example/install/interface_example/share/interface_example/hook/ld_library_path_lib.sh'
[32.328s] Level 1:colcon.colcon_core.environment:checking '/home/pdy/KDTA.ROS2/interface_example/install/interface_example/bin'
[32.328s] Level 1:colcon.colcon_core.environment:checking '/home/pdy/KDTA.ROS2/interface_example/install/interface_example/lib/pkgconfig/interface_example.pc'
[32.329s] Level 1:colcon.colcon_core.environment:checking '/home/pdy/KDTA.ROS2/interface_example/install/interface_example/lib/python3.10/site-packages'
[32.330s] Level 1:colcon.colcon_core.environment:checking '/home/pdy/KDTA.ROS2/interface_example/install/interface_example/bin'
[32.331s] INFO:colcon.colcon_core.shell:Creating package script '/home/pdy/KDTA.ROS2/interface_example/install/interface_example/share/interface_example/package.ps1'
[32.339s] INFO:colcon.colcon_core.shell:Creating package descriptor '/home/pdy/KDTA.ROS2/interface_example/install/interface_example/share/interface_example/package.dsv'
[32.341s] INFO:colcon.colcon_core.shell:Creating package script '/home/pdy/KDTA.ROS2/interface_example/install/interface_example/share/interface_example/package.sh'
[32.342s] INFO:colcon.colcon_core.shell:Creating package script '/home/pdy/KDTA.ROS2/interface_example/install/interface_example/share/interface_example/package.bash'
[32.344s] INFO:colcon.colcon_core.shell:Creating package script '/home/pdy/KDTA.ROS2/interface_example/install/interface_example/share/interface_example/package.zsh'
[32.345s] Level 1:colcon.colcon_core.environment:create_file_with_runtime_dependencies(/home/pdy/KDTA.ROS2/interface_example/install/interface_example/share/colcon-core/packages/interface_example)
[32.772s] Level 1:colcon.colcon_core.environment:create_environment_scripts_only(interface_example)
[32.772s] Level 1:colcon.colcon_core.environment:checking '/home/pdy/KDTA.ROS2/interface_example/install/interface_example' for CMake module files
[32.774s] Level 1:colcon.colcon_core.environment:checking '/home/pdy/KDTA.ROS2/interface_example/install/interface_example' for CMake config files
[32.776s] Level 1:colcon.colcon_core.shell:create_environment_hook('interface_example', 'cmake_prefix_path')
[32.777s] INFO:colcon.colcon_core.shell:Creating environment hook '/home/pdy/KDTA.ROS2/interface_example/install/interface_example/share/interface_example/hook/cmake_prefix_path.ps1'
[32.778s] INFO:colcon.colcon_core.shell:Creating environment descriptor '/home/pdy/KDTA.ROS2/interface_example/install/interface_example/share/interface_example/hook/cmake_prefix_path.dsv'
[32.779s] INFO:colcon.colcon_core.shell:Creating environment hook '/home/pdy/KDTA.ROS2/interface_example/install/interface_example/share/interface_example/hook/cmake_prefix_path.sh'
[32.780s] Level 1:colcon.colcon_core.environment:checking '/home/pdy/KDTA.ROS2/interface_example/install/interface_example/lib'
[32.781s] Level 1:colcon.colcon_core.shell:create_environment_hook('interface_example', 'ld_library_path_lib')
[32.781s] INFO:colcon.colcon_core.shell:Creating environment hook '/home/pdy/KDTA.ROS2/interface_example/install/interface_example/share/interface_example/hook/ld_library_path_lib.ps1'
[32.788s] INFO:colcon.colcon_core.shell:Creating environment descriptor '/home/pdy/KDTA.ROS2/interface_example/install/interface_example/share/interface_example/hook/ld_library_path_lib.dsv'
[32.795s] INFO:colcon.colcon_core.shell:Creating environment hook '/home/pdy/KDTA.ROS2/interface_example/install/interface_example/share/interface_example/hook/ld_library_path_lib.sh'
[32.796s] Level 1:colcon.colcon_core.environment:checking '/home/pdy/KDTA.ROS2/interface_example/install/interface_example/bin'
[32.796s] Level 1:colcon.colcon_core.environment:checking '/home/pdy/KDTA.ROS2/interface_example/install/interface_example/lib/pkgconfig/interface_example.pc'
[32.797s] Level 1:colcon.colcon_core.environment:checking '/home/pdy/KDTA.ROS2/interface_example/install/interface_example/lib/python3.10/site-packages'
[32.798s] Level 1:colcon.colcon_core.environment:checking '/home/pdy/KDTA.ROS2/interface_example/install/interface_example/bin'
[32.799s] INFO:colcon.colcon_core.shell:Creating package script '/home/pdy/KDTA.ROS2/interface_example/install/interface_example/share/interface_example/package.ps1'
[32.801s] INFO:colcon.colcon_core.shell:Creating package descriptor '/home/pdy/KDTA.ROS2/interface_example/install/interface_example/share/interface_example/package.dsv'
[32.803s] INFO:colcon.colcon_core.shell:Creating package script '/home/pdy/KDTA.ROS2/interface_example/install/interface_example/share/interface_example/package.sh'
[32.808s] INFO:colcon.colcon_core.shell:Creating package script '/home/pdy/KDTA.ROS2/interface_example/install/interface_example/share/interface_example/package.bash'
[32.809s] INFO:colcon.colcon_core.shell:Creating package script '/home/pdy/KDTA.ROS2/interface_example/install/interface_example/share/interface_example/package.zsh'
[32.811s] Level 1:colcon.colcon_core.environment:create_file_with_runtime_dependencies(/home/pdy/KDTA.ROS2/interface_example/install/interface_example/share/colcon-core/packages/interface_example)
[32.820s] DEBUG:colcon.colcon_parallel_executor.executor.parallel:closing loop
[32.820s] DEBUG:colcon.colcon_parallel_executor.executor.parallel:loop closed
[32.821s] DEBUG:colcon.colcon_parallel_executor.executor.parallel:run_until_complete finished with '0'
[32.821s] DEBUG:colcon.colcon_core.event_reactor:joining thread
[32.852s] INFO:colcon.colcon_core.plugin_system:Skipping extension 'colcon_notification.desktop_notification.terminal_notifier': Not used on non-Darwin systems
[32.852s] INFO:colcon.colcon_core.plugin_system:Skipping extension 'colcon_notification.desktop_notification.win32': Not used on non-Windows systems
[32.852s] INFO:colcon.colcon_notification.desktop_notification:Sending desktop notification using 'notify2'
[32.943s] DEBUG:colcon.colcon_core.event_reactor:joined thread
[32.944s] INFO:colcon.colcon_core.shell:Creating prefix script '/home/pdy/KDTA.ROS2/interface_example/install/local_setup.ps1'
[32.946s] INFO:colcon.colcon_core.shell:Creating prefix util module '/home/pdy/KDTA.ROS2/interface_example/install/_local_setup_util_ps1.py'
[32.948s] INFO:colcon.colcon_core.shell:Creating prefix chain script '/home/pdy/KDTA.ROS2/interface_example/install/setup.ps1'
[32.950s] INFO:colcon.colcon_core.shell:Creating prefix script '/home/pdy/KDTA.ROS2/interface_example/install/local_setup.sh'
[32.956s] INFO:colcon.colcon_core.shell:Creating prefix util module '/home/pdy/KDTA.ROS2/interface_example/install/_local_setup_util_sh.py'
[32.963s] INFO:colcon.colcon_core.shell:Creating prefix chain script '/home/pdy/KDTA.ROS2/interface_example/install/setup.sh'
[32.983s] INFO:colcon.colcon_core.shell:Creating prefix script '/home/pdy/KDTA.ROS2/interface_example/install/local_setup.bash'
[32.984s] INFO:colcon.colcon_core.shell:Creating prefix chain script '/home/pdy/KDTA.ROS2/interface_example/install/setup.bash'
[32.986s] INFO:colcon.colcon_core.shell:Creating prefix script '/home/pdy/KDTA.ROS2/interface_example/install/local_setup.zsh'
[32.992s] INFO:colcon.colcon_core.shell:Creating prefix chain script '/home/pdy/KDTA.ROS2/interface_example/install/setup.zsh'
