[0.290s] DEBUG:colcon:Command line arguments: ['/usr/bin/colcon', 'build', '--symlink-install']
[0.291s] DEBUG:colcon:Parsed command line arguments: Namespace(log_base=None, log_level=None, verb_name='build', build_base='build', install_base='install', merge_install=False, symlink_install=True, test_result_base=None, continue_on_error=False, executor='parallel', parallel_workers=2, event_handlers=None, ignore_user_meta=False, metas=['./colcon.meta'], base_paths=['.'], packages_ignore=None, packages_ignore_regex=None, paths=None, packages_up_to=None, packages_up_to_regex=None, packages_above=None, packages_above_and_dependencies=None, packages_above_depth=None, packages_select_by_dep=None, packages_skip_by_dep=None, packages_skip_up_to=None, packages_select_build_failed=False, packages_skip_build_finished=False, packages_select_test_failures=False, packages_skip_test_passed=False, packages_select=None, packages_skip=None, packages_select_regex=None, packages_skip_regex=None, packages_start=None, packages_end=None, allow_overriding=[], cmake_args=None, cmake_target=None, cmake_target_skip_unavailable=False, cmake_clean_cache=False, cmake_clean_first=False, cmake_force_configure=False, ament_cmake_args=None, catkin_cmake_args=None, catkin_skip_building_tests=False, mixin_files=None, mixin=None, verb_parser=<colcon_mixin.mixin.mixin_argument.MixinArgumentDecorator object at 0x7d4150afe950>, verb_extension=<colcon_core.verb.build.BuildVerb object at 0x7d4150c4ef80>, main=<bound method BuildVerb.main of <colcon_core.verb.build.BuildVerb object at 0x7d4150c4ef80>>, mixin_verb=('build',))
[0.694s] Level 1:colcon.colcon_core.package_discovery:discover_packages(colcon_meta) check parameters
[0.695s] Level 1:colcon.colcon_core.package_discovery:discover_packages(recursive) check parameters
[0.695s] Level 1:colcon.colcon_core.package_discovery:discover_packages(ignore) check parameters
[0.695s] Level 1:colcon.colcon_core.package_discovery:discover_packages(path) check parameters
[0.695s] Level 1:colcon.colcon_core.package_discovery:discover_packages(colcon_meta) discover
[0.695s] Level 1:colcon.colcon_core.package_discovery:discover_packages(recursive) discover
[0.695s] INFO:colcon.colcon_core.package_discovery:Crawling recursively for packages in '/home/pdy/KDTA.ROS2'
[0.695s] Level 1:colcon.colcon_core.package_identification:_identify(.) by extensions ['ignore', 'ignore_ament_install']
[0.696s] Level 1:colcon.colcon_core.package_identification:_identify(.) by extension 'ignore'
[0.696s] Level 1:colcon.colcon_core.package_identification:_identify(.) by extension 'ignore_ament_install'
[0.696s] Level 1:colcon.colcon_core.package_identification:_identify(.) by extensions ['colcon_pkg']
[0.696s] Level 1:colcon.colcon_core.package_identification:_identify(.) by extension 'colcon_pkg'
[0.696s] Level 1:colcon.colcon_core.package_identification:_identify(.) by extensions ['colcon_meta']
[0.697s] Level 1:colcon.colcon_core.package_identification:_identify(.) by extension 'colcon_meta'
[0.697s] Level 1:colcon.colcon_core.package_identification:_identify(.) by extensions ['ros']
[0.697s] Level 1:colcon.colcon_core.package_identification:_identify(.) by extension 'ros'
[0.740s] Level 1:colcon.colcon_core.package_identification:_identify(.) by extensions ['cmake', 'python']
[0.742s] Level 1:colcon.colcon_core.package_identification:_identify(.) by extension 'cmake'
[0.742s] Level 1:colcon.colcon_core.package_identification:_identify(.) by extension 'python'
[0.742s] Level 1:colcon.colcon_core.package_identification:_identify(.) by extensions ['python_setup_py']
[0.742s] Level 1:colcon.colcon_core.package_identification:_identify(.) by extension 'python_setup_py'
[0.743s] Level 1:colcon.colcon_core.package_identification:_identify(build) by extensions ['ignore', 'ignore_ament_install']
[0.743s] Level 1:colcon.colcon_core.package_identification:_identify(build) by extension 'ignore'
[0.743s] Level 1:colcon.colcon_core.package_identification:_identify(build) ignored
[0.743s] Level 1:colcon.colcon_core.package_identification:_identify(install) by extensions ['ignore', 'ignore_ament_install']
[0.744s] Level 1:colcon.colcon_core.package_identification:_identify(install) by extension 'ignore'
[0.744s] Level 1:colcon.colcon_core.package_identification:_identify(install) ignored
[0.744s] Level 1:colcon.colcon_core.package_identification:_identify(log) by extensions ['ignore', 'ignore_ament_install']
[0.744s] Level 1:colcon.colcon_core.package_identification:_identify(log) by extension 'ignore'
[0.744s] Level 1:colcon.colcon_core.package_identification:_identify(log) ignored
[0.744s] Level 1:colcon.colcon_core.package_identification:_identify(msg_svr_action_interface_example) by extensions ['ignore', 'ignore_ament_install']
[0.744s] Level 1:colcon.colcon_core.package_identification:_identify(msg_svr_action_interface_example) by extension 'ignore'
[0.745s] Level 1:colcon.colcon_core.package_identification:_identify(msg_svr_action_interface_example) by extension 'ignore_ament_install'
[0.745s] Level 1:colcon.colcon_core.package_identification:_identify(msg_svr_action_interface_example) by extensions ['colcon_pkg']
[0.745s] Level 1:colcon.colcon_core.package_identification:_identify(msg_svr_action_interface_example) by extension 'colcon_pkg'
[0.745s] Level 1:colcon.colcon_core.package_identification:_identify(msg_svr_action_interface_example) by extensions ['colcon_meta']
[0.745s] Level 1:colcon.colcon_core.package_identification:_identify(msg_svr_action_interface_example) by extension 'colcon_meta'
[0.745s] Level 1:colcon.colcon_core.package_identification:_identify(msg_svr_action_interface_example) by extensions ['ros']
[0.745s] Level 1:colcon.colcon_core.package_identification:_identify(msg_svr_action_interface_example) by extension 'ros'
[0.752s] DEBUG:colcon.colcon_core.package_identification:Package 'msg_svr_action_interface_example' with type 'ros.ament_cmake' and name 'msg_svr_action_interface_example'
[0.752s] Level 1:colcon.colcon_core.package_identification:_identify(opencv) by extensions ['ignore', 'ignore_ament_install']
[0.752s] Level 1:colcon.colcon_core.package_identification:_identify(opencv) by extension 'ignore'
[0.753s] Level 1:colcon.colcon_core.package_identification:_identify(opencv) by extension 'ignore_ament_install'
[0.753s] Level 1:colcon.colcon_core.package_identification:_identify(opencv) by extensions ['colcon_pkg']
[0.753s] Level 1:colcon.colcon_core.package_identification:_identify(opencv) by extension 'colcon_pkg'
[0.753s] Level 1:colcon.colcon_core.package_identification:_identify(opencv) by extensions ['colcon_meta']
[0.753s] Level 1:colcon.colcon_core.package_identification:_identify(opencv) by extension 'colcon_meta'
[0.753s] Level 1:colcon.colcon_core.package_identification:_identify(opencv) by extensions ['ros']
[0.753s] Level 1:colcon.colcon_core.package_identification:_identify(opencv) by extension 'ros'
[0.753s] Level 1:colcon.colcon_core.package_identification:_identify(opencv) by extensions ['cmake', 'python']
[0.754s] Level 1:colcon.colcon_core.package_identification:_identify(opencv) by extension 'cmake'
[0.754s] Level 1:colcon.colcon_core.package_identification:_identify(opencv) by extension 'python'
[0.754s] Level 1:colcon.colcon_core.package_identification:_identify(opencv) by extensions ['python_setup_py']
[0.754s] Level 1:colcon.colcon_core.package_identification:_identify(opencv) by extension 'python_setup_py'
[0.754s] Level 1:colcon.colcon_core.package_identification:_identify(opencv/ch02) by extensions ['ignore', 'ignore_ament_install']
[0.754s] Level 1:colcon.colcon_core.package_identification:_identify(opencv/ch02) by extension 'ignore'
[0.754s] Level 1:colcon.colcon_core.package_identification:_identify(opencv/ch02) by extension 'ignore_ament_install'
[0.755s] Level 1:colcon.colcon_core.package_identification:_identify(opencv/ch02) by extensions ['colcon_pkg']
[0.755s] Level 1:colcon.colcon_core.package_identification:_identify(opencv/ch02) by extension 'colcon_pkg'
[0.755s] Level 1:colcon.colcon_core.package_identification:_identify(opencv/ch02) by extensions ['colcon_meta']
[0.755s] Level 1:colcon.colcon_core.package_identification:_identify(opencv/ch02) by extension 'colcon_meta'
[0.755s] Level 1:colcon.colcon_core.package_identification:_identify(opencv/ch02) by extensions ['ros']
[0.755s] Level 1:colcon.colcon_core.package_identification:_identify(opencv/ch02) by extension 'ros'
[0.755s] Level 1:colcon.colcon_core.package_identification:_identify(opencv/ch02) by extensions ['cmake', 'python']
[0.755s] Level 1:colcon.colcon_core.package_identification:_identify(opencv/ch02) by extension 'cmake'
[0.773s] Level 1:colcon.colcon_core.package_identification:_identify(opencv/ch02) by extension 'python'
[0.773s] DEBUG:colcon.colcon_core.package_identification:Package 'opencv/ch02' with type 'cmake' and name 'windows'
[0.773s] Level 1:colcon.colcon_core.package_identification:_identify(opencv/ch03) by extensions ['ignore', 'ignore_ament_install']
[0.774s] Level 1:colcon.colcon_core.package_identification:_identify(opencv/ch03) by extension 'ignore'
[0.774s] Level 1:colcon.colcon_core.package_identification:_identify(opencv/ch03) by extension 'ignore_ament_install'
[0.774s] Level 1:colcon.colcon_core.package_identification:_identify(opencv/ch03) by extensions ['colcon_pkg']
[0.774s] Level 1:colcon.colcon_core.package_identification:_identify(opencv/ch03) by extension 'colcon_pkg'
[0.774s] Level 1:colcon.colcon_core.package_identification:_identify(opencv/ch03) by extensions ['colcon_meta']
[0.774s] Level 1:colcon.colcon_core.package_identification:_identify(opencv/ch03) by extension 'colcon_meta'
[0.774s] Level 1:colcon.colcon_core.package_identification:_identify(opencv/ch03) by extensions ['ros']
[0.774s] Level 1:colcon.colcon_core.package_identification:_identify(opencv/ch03) by extension 'ros'
[0.774s] Level 1:colcon.colcon_core.package_identification:_identify(opencv/ch03) by extensions ['cmake', 'python']
[0.774s] Level 1:colcon.colcon_core.package_identification:_identify(opencv/ch03) by extension 'cmake'
[0.779s] Level 1:colcon.colcon_core.package_identification:_identify(opencv/ch03) by extension 'python'
[0.779s] DEBUG:colcon.colcon_core.package_identification:Package 'opencv/ch03' with type 'cmake' and name 'windows'
[0.780s] Level 1:colcon.colcon_core.package_identification:_identify(opencv/ch04) by extensions ['ignore', 'ignore_ament_install']
[0.780s] Level 1:colcon.colcon_core.package_identification:_identify(opencv/ch04) by extension 'ignore'
[0.780s] Level 1:colcon.colcon_core.package_identification:_identify(opencv/ch04) by extension 'ignore_ament_install'
[0.780s] Level 1:colcon.colcon_core.package_identification:_identify(opencv/ch04) by extensions ['colcon_pkg']
[0.780s] Level 1:colcon.colcon_core.package_identification:_identify(opencv/ch04) by extension 'colcon_pkg'
[0.780s] Level 1:colcon.colcon_core.package_identification:_identify(opencv/ch04) by extensions ['colcon_meta']
[0.780s] Level 1:colcon.colcon_core.package_identification:_identify(opencv/ch04) by extension 'colcon_meta'
[0.780s] Level 1:colcon.colcon_core.package_identification:_identify(opencv/ch04) by extensions ['ros']
[0.780s] Level 1:colcon.colcon_core.package_identification:_identify(opencv/ch04) by extension 'ros'
[0.780s] Level 1:colcon.colcon_core.package_identification:_identify(opencv/ch04) by extensions ['cmake', 'python']
[0.781s] Level 1:colcon.colcon_core.package_identification:_identify(opencv/ch04) by extension 'cmake'
[0.787s] Level 1:colcon.colcon_core.package_identification:_identify(opencv/ch04) by extension 'python'
[0.787s] DEBUG:colcon.colcon_core.package_identification:Package 'opencv/ch04' with type 'cmake' and name 'windows'
[0.788s] Level 1:colcon.colcon_core.package_identification:_identify(opencv/ch05) by extensions ['ignore', 'ignore_ament_install']
[0.788s] Level 1:colcon.colcon_core.package_identification:_identify(opencv/ch05) by extension 'ignore'
[0.788s] Level 1:colcon.colcon_core.package_identification:_identify(opencv/ch05) by extension 'ignore_ament_install'
[0.788s] Level 1:colcon.colcon_core.package_identification:_identify(opencv/ch05) by extensions ['colcon_pkg']
[0.788s] Level 1:colcon.colcon_core.package_identification:_identify(opencv/ch05) by extension 'colcon_pkg'
[0.789s] Level 1:colcon.colcon_core.package_identification:_identify(opencv/ch05) by extensions ['colcon_meta']
[0.789s] Level 1:colcon.colcon_core.package_identification:_identify(opencv/ch05) by extension 'colcon_meta'
[0.789s] Level 1:colcon.colcon_core.package_identification:_identify(opencv/ch05) by extensions ['ros']
[0.789s] Level 1:colcon.colcon_core.package_identification:_identify(opencv/ch05) by extension 'ros'
[0.789s] Level 1:colcon.colcon_core.package_identification:_identify(opencv/ch05) by extensions ['cmake', 'python']
[0.789s] Level 1:colcon.colcon_core.package_identification:_identify(opencv/ch05) by extension 'cmake'
[0.793s] Level 1:colcon.colcon_core.package_identification:_identify(opencv/ch05) by extension 'python'
[0.794s] DEBUG:colcon.colcon_core.package_identification:Package 'opencv/ch05' with type 'cmake' and name 'windows'
[0.794s] Level 1:colcon.colcon_core.package_identification:_identify(opencv/ch07) by extensions ['ignore', 'ignore_ament_install']
[0.794s] Level 1:colcon.colcon_core.package_identification:_identify(opencv/ch07) by extension 'ignore'
[0.795s] Level 1:colcon.colcon_core.package_identification:_identify(opencv/ch07) by extension 'ignore_ament_install'
[0.795s] Level 1:colcon.colcon_core.package_identification:_identify(opencv/ch07) by extensions ['colcon_pkg']
[0.795s] Level 1:colcon.colcon_core.package_identification:_identify(opencv/ch07) by extension 'colcon_pkg'
[0.795s] Level 1:colcon.colcon_core.package_identification:_identify(opencv/ch07) by extensions ['colcon_meta']
[0.795s] Level 1:colcon.colcon_core.package_identification:_identify(opencv/ch07) by extension 'colcon_meta'
[0.795s] Level 1:colcon.colcon_core.package_identification:_identify(opencv/ch07) by extensions ['ros']
[0.795s] Level 1:colcon.colcon_core.package_identification:_identify(opencv/ch07) by extension 'ros'
[0.795s] Level 1:colcon.colcon_core.package_identification:_identify(opencv/ch07) by extensions ['cmake', 'python']
[0.795s] Level 1:colcon.colcon_core.package_identification:_identify(opencv/ch07) by extension 'cmake'
[0.800s] Level 1:colcon.colcon_core.package_identification:_identify(opencv/ch07) by extension 'python'
[0.800s] DEBUG:colcon.colcon_core.package_identification:Package 'opencv/ch07' with type 'cmake' and name 'windows'
[0.800s] Level 1:colcon.colcon_core.package_identification:_identify(opencv/ch08) by extensions ['ignore', 'ignore_ament_install']
[0.801s] Level 1:colcon.colcon_core.package_identification:_identify(opencv/ch08) by extension 'ignore'
[0.801s] Level 1:colcon.colcon_core.package_identification:_identify(opencv/ch08) by extension 'ignore_ament_install'
[0.801s] Level 1:colcon.colcon_core.package_identification:_identify(opencv/ch08) by extensions ['colcon_pkg']
[0.801s] Level 1:colcon.colcon_core.package_identification:_identify(opencv/ch08) by extension 'colcon_pkg'
[0.801s] Level 1:colcon.colcon_core.package_identification:_identify(opencv/ch08) by extensions ['colcon_meta']
[0.801s] Level 1:colcon.colcon_core.package_identification:_identify(opencv/ch08) by extension 'colcon_meta'
[0.801s] Level 1:colcon.colcon_core.package_identification:_identify(opencv/ch08) by extensions ['ros']
[0.801s] Level 1:colcon.colcon_core.package_identification:_identify(opencv/ch08) by extension 'ros'
[0.801s] Level 1:colcon.colcon_core.package_identification:_identify(opencv/ch08) by extensions ['cmake', 'python']
[0.801s] Level 1:colcon.colcon_core.package_identification:_identify(opencv/ch08) by extension 'cmake'
[0.810s] Level 1:colcon.colcon_core.package_identification:_identify(opencv/ch08) by extension 'python'
[0.810s] DEBUG:colcon.colcon_core.package_identification:Package 'opencv/ch08' with type 'cmake' and name 'windows'
[0.810s] Level 1:colcon.colcon_core.package_identification:_identify(opencv/ch09) by extensions ['ignore', 'ignore_ament_install']
[0.810s] Level 1:colcon.colcon_core.package_identification:_identify(opencv/ch09) by extension 'ignore'
[0.811s] Level 1:colcon.colcon_core.package_identification:_identify(opencv/ch09) by extension 'ignore_ament_install'
[0.811s] Level 1:colcon.colcon_core.package_identification:_identify(opencv/ch09) by extensions ['colcon_pkg']
[0.811s] Level 1:colcon.colcon_core.package_identification:_identify(opencv/ch09) by extension 'colcon_pkg'
[0.811s] Level 1:colcon.colcon_core.package_identification:_identify(opencv/ch09) by extensions ['colcon_meta']
[0.811s] Level 1:colcon.colcon_core.package_identification:_identify(opencv/ch09) by extension 'colcon_meta'
[0.811s] Level 1:colcon.colcon_core.package_identification:_identify(opencv/ch09) by extensions ['ros']
[0.811s] Level 1:colcon.colcon_core.package_identification:_identify(opencv/ch09) by extension 'ros'
[0.811s] Level 1:colcon.colcon_core.package_identification:_identify(opencv/ch09) by extensions ['cmake', 'python']
[0.811s] Level 1:colcon.colcon_core.package_identification:_identify(opencv/ch09) by extension 'cmake'
[0.818s] Level 1:colcon.colcon_core.package_identification:_identify(opencv/ch09) by extension 'python'
[0.818s] DEBUG:colcon.colcon_core.package_identification:Package 'opencv/ch09' with type 'cmake' and name 'windows'
[0.819s] Level 1:colcon.colcon_core.package_identification:_identify(opencv/ch11) by extensions ['ignore', 'ignore_ament_install']
[0.819s] Level 1:colcon.colcon_core.package_identification:_identify(opencv/ch11) by extension 'ignore'
[0.819s] Level 1:colcon.colcon_core.package_identification:_identify(opencv/ch11) by extension 'ignore_ament_install'
[0.819s] Level 1:colcon.colcon_core.package_identification:_identify(opencv/ch11) by extensions ['colcon_pkg']
[0.819s] Level 1:colcon.colcon_core.package_identification:_identify(opencv/ch11) by extension 'colcon_pkg'
[0.819s] Level 1:colcon.colcon_core.package_identification:_identify(opencv/ch11) by extensions ['colcon_meta']
[0.819s] Level 1:colcon.colcon_core.package_identification:_identify(opencv/ch11) by extension 'colcon_meta'
[0.819s] Level 1:colcon.colcon_core.package_identification:_identify(opencv/ch11) by extensions ['ros']
[0.819s] Level 1:colcon.colcon_core.package_identification:_identify(opencv/ch11) by extension 'ros'
[0.820s] Level 1:colcon.colcon_core.package_identification:_identify(opencv/ch11) by extensions ['cmake', 'python']
[0.820s] Level 1:colcon.colcon_core.package_identification:_identify(opencv/ch11) by extension 'cmake'
[0.827s] Level 1:colcon.colcon_core.package_identification:_identify(opencv/ch11) by extension 'python'
[0.827s] DEBUG:colcon.colcon_core.package_identification:Package 'opencv/ch11' with type 'cmake' and name 'windows'
[0.828s] Level 1:colcon.colcon_core.package_identification:_identify(opencv/data) by extensions ['ignore', 'ignore_ament_install']
[0.829s] Level 1:colcon.colcon_core.package_identification:_identify(opencv/data) by extension 'ignore'
[0.829s] Level 1:colcon.colcon_core.package_identification:_identify(opencv/data) by extension 'ignore_ament_install'
[0.829s] Level 1:colcon.colcon_core.package_identification:_identify(opencv/data) by extensions ['colcon_pkg']
[0.829s] Level 1:colcon.colcon_core.package_identification:_identify(opencv/data) by extension 'colcon_pkg'
[0.829s] Level 1:colcon.colcon_core.package_identification:_identify(opencv/data) by extensions ['colcon_meta']
[0.829s] Level 1:colcon.colcon_core.package_identification:_identify(opencv/data) by extension 'colcon_meta'
[0.829s] Level 1:colcon.colcon_core.package_identification:_identify(opencv/data) by extensions ['ros']
[0.829s] Level 1:colcon.colcon_core.package_identification:_identify(opencv/data) by extension 'ros'
[0.830s] Level 1:colcon.colcon_core.package_identification:_identify(opencv/data) by extensions ['cmake', 'python']
[0.830s] Level 1:colcon.colcon_core.package_identification:_identify(opencv/data) by extension 'cmake'
[0.830s] Level 1:colcon.colcon_core.package_identification:_identify(opencv/data) by extension 'python'
[0.830s] Level 1:colcon.colcon_core.package_identification:_identify(opencv/data) by extensions ['python_setup_py']
[0.830s] Level 1:colcon.colcon_core.package_identification:_identify(opencv/data) by extension 'python_setup_py'
[0.830s] Level 1:colcon.colcon_core.package_identification:_identify(opencv/first) by extensions ['ignore', 'ignore_ament_install']
[0.830s] Level 1:colcon.colcon_core.package_identification:_identify(opencv/first) by extension 'ignore'
[0.830s] Level 1:colcon.colcon_core.package_identification:_identify(opencv/first) by extension 'ignore_ament_install'
[0.831s] Level 1:colcon.colcon_core.package_identification:_identify(opencv/first) by extensions ['colcon_pkg']
[0.831s] Level 1:colcon.colcon_core.package_identification:_identify(opencv/first) by extension 'colcon_pkg'
[0.831s] Level 1:colcon.colcon_core.package_identification:_identify(opencv/first) by extensions ['colcon_meta']
[0.831s] Level 1:colcon.colcon_core.package_identification:_identify(opencv/first) by extension 'colcon_meta'
[0.831s] Level 1:colcon.colcon_core.package_identification:_identify(opencv/first) by extensions ['ros']
[0.831s] Level 1:colcon.colcon_core.package_identification:_identify(opencv/first) by extension 'ros'
[0.831s] Level 1:colcon.colcon_core.package_identification:_identify(opencv/first) by extensions ['cmake', 'python']
[0.831s] Level 1:colcon.colcon_core.package_identification:_identify(opencv/first) by extension 'cmake'
[0.836s] Level 1:colcon.colcon_core.package_identification:_identify(opencv/first) by extension 'python'
[0.836s] DEBUG:colcon.colcon_core.package_identification:Package 'opencv/first' with type 'cmake' and name 'helloWorld'
[0.836s] Level 1:colcon.colcon_core.package_discovery:discover_packages(recursive) using defaults
[0.836s] Level 1:colcon.colcon_core.package_discovery:discover_packages(ignore) discover
[0.836s] Level 1:colcon.colcon_core.package_discovery:discover_packages(ignore) using defaults
[0.836s] Level 1:colcon.colcon_core.package_discovery:discover_packages(path) discover
[0.837s] Level 1:colcon.colcon_core.package_discovery:discover_packages(path) using defaults
[0.916s] Level 1:colcon.colcon_core.package_discovery:discover_packages(prefix_path) check parameters
[0.916s] Level 1:colcon.colcon_core.package_discovery:discover_packages(prefix_path) discover
[0.921s] DEBUG:colcon.colcon_installed_package_information.package_discovery:Found 3 installed packages in /home/pdy/kdta_ws/install
[0.925s] DEBUG:colcon.colcon_installed_package_information.package_discovery:Found 373 installed packages in /opt/ros/humble
[0.962s] Level 1:colcon.colcon_core.package_discovery:discover_packages(prefix_path) using defaults
[1.116s] ERROR:colcon:colcon build: Duplicate package names not supported:
- windows:
  - opencv/ch02
  - opencv/ch03
  - opencv/ch04
  - opencv/ch05
  - opencv/ch07
  - opencv/ch08
  - opencv/ch09
  - opencv/ch11
