[0.071s] Invoking command in '/home/pdy/KDTA.ROS2/interface_example/build/interface_example': CMAKE_PREFIX_PATH=${CMAKE_PREFIX_PATH}:/opt/ros/humble /usr/bin/cmake /home/pdy/KDTA.ROS2/interface_example/msg_svr_action_interface_example -DAMENT_CMAKE_SYMLINK_INSTALL=1 -DCMAKE_INSTALL_PREFIX=/home/pdy/KDTA.ROS2/interface_example/install/interface_example
[0.325s] -- The C compiler identification is GNU 11.4.0
[0.691s] -- The CXX compiler identification is GNU 11.4.0
[0.719s] -- Detecting C compiler ABI info
[1.029s] -- Detecting C compiler ABI info - done
[1.062s] -- Check for working C compiler: /usr/bin/cc - skipped
[1.066s] -- Detecting C compile features
[1.067s] -- Detecting C compile features - done
[1.082s] -- Detecting CXX compiler ABI info
[1.479s] -- Detecting CXX compiler ABI info - done
[1.501s] -- Check for working CXX compiler: /usr/bin/c++ - skipped
[1.501s] -- Detecting CXX compile features
[1.503s] -- Detecting CXX compile features - done
[1.520s] -- Found ament_cmake: 1.3.9 (/opt/ros/humble/share/ament_cmake/cmake)
[2.232s] -- Found Python3: /usr/bin/python3 (found version "3.10.12") found components: Interpreter 
[2.489s] -- Override CMake install command with custom implementation using symlinks instead of copying resources
[2.627s] -- Found rosidl_default_generators: 1.2.0 (/opt/ros/humble/share/rosidl_default_generators/cmake)
[2.638s] -- Using all available rosidl_typesupport_c: rosidl_typesupport_fastrtps_c;rosidl_typesupport_introspection_c
[2.668s] -- Found rosidl_adapter: 3.1.5 (/opt/ros/humble/share/rosidl_adapter/cmake)
[2.825s] -- Using all available rosidl_typesupport_cpp: rosidl_typesupport_fastrtps_cpp;rosidl_typesupport_introspection_cpp
[3.904s] -- Found ament_cmake_ros: 0.10.0 (/opt/ros/humble/share/ament_cmake_ros/cmake)
[4.692s] -- Using all available rosidl_typesupport_c: rosidl_typesupport_fastrtps_c;rosidl_typesupport_introspection_c
[5.724s] -- Using all available rosidl_typesupport_cpp: rosidl_typesupport_fastrtps_cpp;rosidl_typesupport_introspection_cpp
[5.789s] -- Found PythonInterp: /usr/bin/python3 (found suitable version "3.10.12", minimum required is "3.6") 
[5.802s] -- Found python_cmake_module: 0.10.0 (/opt/ros/humble/share/python_cmake_module/cmake)
[5.902s] -- Found PythonLibs: /usr/lib/x86_64-linux-gnu/libpython3.10.so (found suitable version "3.10.12", minimum required is "3.5") 
[5.902s] -- Using PYTHON_EXECUTABLE: /usr/bin/python3
[5.903s] -- Using PYTHON_INCLUDE_DIRS: /usr/include/python3.10
[5.903s] -- Using PYTHON_LIBRARIES: /usr/lib/x86_64-linux-gnu/libpython3.10.so
[5.994s] -- Found PythonExtra: .so  
[6.195s] -- Found ament_lint_auto: 0.12.11 (/opt/ros/humble/share/ament_lint_auto/cmake)
[6.260s] -- Configuring done
[6.357s] -- Generating done
[6.369s] -- Build files have been written to: /home/pdy/KDTA.ROS2/interface_example/build/interface_example
[6.393s] Invoked command in '/home/pdy/KDTA.ROS2/interface_example/build/interface_example' returned '0': CMAKE_PREFIX_PATH=${CMAKE_PREFIX_PATH}:/opt/ros/humble /usr/bin/cmake /home/pdy/KDTA.ROS2/interface_example/msg_svr_action_interface_example -DAMENT_CMAKE_SYMLINK_INSTALL=1 -DCMAKE_INSTALL_PREFIX=/home/pdy/KDTA.ROS2/interface_example/install/interface_example
[6.402s] Invoking command in '/home/pdy/KDTA.ROS2/interface_example/build/interface_example': CMAKE_PREFIX_PATH=${CMAKE_PREFIX_PATH}:/opt/ros/humble /usr/bin/cmake --build /home/pdy/KDTA.ROS2/interface_example/build/interface_example -- -j2 -l2
[6.665s] [  3%] [34m[1mGenerating C++ code for ROS interfaces[0m
[7.746s] [  3%] Built target interface_example__cpp
[7.813s] [  6%] [34m[1mGenerating C code for ROS interfaces[0m
[9.057s] [  9%] [32mBuilding C object CMakeFiles/interface_example__rosidl_generator_c.dir/rosidl_generator_c/interface_example/srv/detail/add_two_int__functions.c.o[0m
[9.480s] [ 12%] [32m[1mLinking C shared library libinterface_example__rosidl_generator_c.so[0m
[9.688s] [ 12%] Built target interface_example__rosidl_generator_c
[9.835s] [ 12%] Built target ament_cmake_python_symlink_interface_example
[9.884s] [ 16%] [34m[1mGenerating C++ type support dispatch for ROS interfaces[0m
[10.653s] [ 19%] [32mBuilding CXX object CMakeFiles/interface_example__rosidl_typesupport_cpp.dir/rosidl_typesupport_cpp/interface_example/srv/add_two_int__type_support.cpp.o[0m
[11.865s] [ 22%] [32m[1mLinking CXX shared library libinterface_example__rosidl_typesupport_cpp.so[0m
[12.013s] [ 22%] Built target interface_example__rosidl_typesupport_cpp
[12.052s] [ 25%] [34m[1mGenerating C type support for eProsima Fast-RTPS[0m
[12.891s] [ 29%] [32mBuilding CXX object CMakeFiles/interface_example__rosidl_typesupport_fastrtps_c.dir/rosidl_typesupport_fastrtps_c/interface_example/srv/detail/add_two_int__type_support_c.cpp.o[0m
[14.325s] [ 32%] [32m[1mLinking CXX shared library libinterface_example__rosidl_typesupport_fastrtps_c.so[0m
[14.657s] [ 32%] Built target interface_example__rosidl_typesupport_fastrtps_c
[14.687s] [ 35%] [34m[1mGenerating C introspection for ROS interfaces[0m
[15.598s] [ 38%] [32mBuilding C object CMakeFiles/interface_example__rosidl_typesupport_introspection_c.dir/rosidl_typesupport_introspection_c/interface_example/srv/detail/add_two_int__type_support.c.o[0m
[15.755s] [ 41%] [32m[1mLinking C shared library libinterface_example__rosidl_typesupport_introspection_c.so[0m
[15.909s] [ 41%] Built target interface_example__rosidl_typesupport_introspection_c
[15.946s] [ 45%] [34m[1mGenerating C type support dispatch for ROS interfaces[0m
[16.858s] [ 48%] [32mBuilding CXX object CMakeFiles/interface_example__rosidl_typesupport_c.dir/rosidl_typesupport_c/interface_example/srv/add_two_int__type_support.cpp.o[0m
[17.019s] [ 51%] [32m[1mLinking CXX shared library libinterface_example__rosidl_typesupport_c.so[0m
[17.242s] [ 51%] Built target interface_example__rosidl_typesupport_c
[17.295s] [ 54%] [34m[1mGenerating C++ type support for eProsima Fast-RTPS[0m
[18.231s] [ 58%] [32mBuilding CXX object CMakeFiles/interface_example__rosidl_typesupport_fastrtps_cpp.dir/rosidl_typesupport_fastrtps_cpp/interface_example/srv/detail/dds_fastrtps/add_two_int__type_support.cpp.o[0m
[19.781s] [ 61%] [32m[1mLinking CXX shared library libinterface_example__rosidl_typesupport_fastrtps_cpp.so[0m
[20.038s] [ 61%] Built target interface_example__rosidl_typesupport_fastrtps_cpp
[20.067s] [ 64%] [34m[1mGenerating C++ introspection for ROS interfaces[0m
[21.083s] [ 67%] [32mBuilding CXX object CMakeFiles/interface_example__rosidl_typesupport_introspection_cpp.dir/rosidl_typesupport_introspection_cpp/interface_example/srv/detail/add_two_int__type_support.cpp.o[0m
[22.405s] [ 70%] [32m[1mLinking CXX shared library libinterface_example__rosidl_typesupport_introspection_cpp.so[0m
[22.632s] [ 70%] Built target interface_example__rosidl_typesupport_introspection_cpp
[23.695s] running egg_info
[23.696s] creating interface_example.egg-info
[23.697s] writing interface_example.egg-info/PKG-INFO
[23.697s] writing dependency_links to interface_example.egg-info/dependency_links.txt
[23.698s] writing top-level names to interface_example.egg-info/top_level.txt
[23.698s] writing manifest file 'interface_example.egg-info/SOURCES.txt'
[23.706s] reading manifest file 'interface_example.egg-info/SOURCES.txt'
[23.706s] writing manifest file 'interface_example.egg-info/SOURCES.txt'
[23.789s] [ 70%] Built target ament_cmake_python_build_interface_example_egg
[23.841s] [ 70%] Built target interface_example
[23.946s] [ 74%] [34m[1mGenerating Python code for ROS interfaces[0m
[25.393s] [ 74%] Built target interface_example__py
[25.502s] [ 77%] [32mBuilding C object CMakeFiles/interface_example__rosidl_generator_py.dir/rosidl_generator_py/interface_example/srv/_add_two_int_s.c.o[0m
[25.966s] [ 80%] [32m[1mLinking C shared library rosidl_generator_py/interface_example/libinterface_example__rosidl_generator_py.so[0m
[26.113s] [ 80%] Built target interface_example__rosidl_generator_py
[26.266s] [ 83%] [32mBuilding C object CMakeFiles/interface_example__rosidl_typesupport_fastrtps_c__pyext.dir/rosidl_generator_py/interface_example/_interface_example_s.ep.rosidl_typesupport_fastrtps_c.c.o[0m
[26.752s] [ 87%] [32m[1mLinking C shared library rosidl_generator_py/interface_example/interface_example_s__rosidl_typesupport_fastrtps_c.cpython-310-x86_64-linux-gnu.so[0m
[26.973s] [ 87%] Built target interface_example__rosidl_typesupport_fastrtps_c__pyext
[27.097s] [ 90%] [32mBuilding C object CMakeFiles/interface_example__rosidl_typesupport_introspection_c__pyext.dir/rosidl_generator_py/interface_example/_interface_example_s.ep.rosidl_typesupport_introspection_c.c.o[0m
[27.447s] [ 93%] [32m[1mLinking C shared library rosidl_generator_py/interface_example/interface_example_s__rosidl_typesupport_introspection_c.cpython-310-x86_64-linux-gnu.so[0m
[27.572s] [ 93%] Built target interface_example__rosidl_typesupport_introspection_c__pyext
[27.663s] [ 96%] [32mBuilding C object CMakeFiles/interface_example__rosidl_typesupport_c__pyext.dir/rosidl_generator_py/interface_example/_interface_example_s.ep.rosidl_typesupport_c.c.o[0m
[27.988s] [100%] [32m[1mLinking C shared library rosidl_generator_py/interface_example/interface_example_s__rosidl_typesupport_c.cpython-310-x86_64-linux-gnu.so[0m
[28.122s] [100%] Built target interface_example__rosidl_typesupport_c__pyext
[28.179s] Invoked command in '/home/pdy/KDTA.ROS2/interface_example/build/interface_example' returned '0': CMAKE_PREFIX_PATH=${CMAKE_PREFIX_PATH}:/opt/ros/humble /usr/bin/cmake --build /home/pdy/KDTA.ROS2/interface_example/build/interface_example -- -j2 -l2
[28.512s] Invoking command in '/home/pdy/KDTA.ROS2/interface_example/build/interface_example': CMAKE_PREFIX_PATH=${CMAKE_PREFIX_PATH}:/opt/ros/humble /usr/bin/cmake --install /home/pdy/KDTA.ROS2/interface_example/build/interface_example
[28.566s] -- Install configuration: ""
[28.572s] -- Execute custom install script
[28.573s] -- Symlinking: /home/pdy/KDTA.ROS2/interface_example/install/interface_example/share/ament_index/resource_index/rosidl_interfaces/interface_example
[28.637s] -- Symlinking: /home/pdy/KDTA.ROS2/interface_example/install/interface_example/include/interface_example/interface_example/msg/rosidl_generator_c__visibility_control.h
[28.684s] -- Symlinking: /home/pdy/KDTA.ROS2/interface_example/install/interface_example/include/interface_example/interface_example/srv/add_two_int.h
[28.726s] -- Symlinking: /home/pdy/KDTA.ROS2/interface_example/install/interface_example/include/interface_example/interface_example/srv/detail/add_two_int__functions.h
[28.773s] -- Symlinking: /home/pdy/KDTA.ROS2/interface_example/install/interface_example/include/interface_example/interface_example/srv/detail/add_two_int__struct.h
[28.806s] -- Symlinking: /home/pdy/KDTA.ROS2/interface_example/install/interface_example/include/interface_example/interface_example/srv/detail/add_two_int__type_support.h
[28.838s] -- Symlinking: /home/pdy/KDTA.ROS2/interface_example/install/interface_example/share/interface_example/environment/library_path.sh
[28.868s] -- Symlinking: /home/pdy/KDTA.ROS2/interface_example/install/interface_example/share/interface_example/environment/library_path.dsv
[28.896s] -- Symlinking: /home/pdy/KDTA.ROS2/interface_example/install/interface_example/include/interface_example/interface_example/msg/rosidl_typesupport_fastrtps_c__visibility_control.h
[28.923s] -- Symlinking: /home/pdy/KDTA.ROS2/interface_example/install/interface_example/include/interface_example/interface_example/srv/detail/add_two_int__rosidl_typesupport_fastrtps_c.h
[28.951s] -- Symlinking: /home/pdy/KDTA.ROS2/interface_example/install/interface_example/include/interface_example/interface_example/msg/rosidl_typesupport_introspection_c__visibility_control.h
[28.983s] -- Symlinking: /home/pdy/KDTA.ROS2/interface_example/install/interface_example/include/interface_example/interface_example/srv/detail/add_two_int__rosidl_typesupport_introspection_c.h
[29.018s] -- Symlinking: /home/pdy/KDTA.ROS2/interface_example/install/interface_example/include/interface_example/interface_example/srv/add_two_int.hpp
[29.050s] -- Symlinking: /home/pdy/KDTA.ROS2/interface_example/install/interface_example/include/interface_example/interface_example/srv/detail/add_two_int__builder.hpp
[29.080s] -- Symlinking: /home/pdy/KDTA.ROS2/interface_example/install/interface_example/include/interface_example/interface_example/srv/detail/add_two_int__struct.hpp
[29.104s] -- Symlinking: /home/pdy/KDTA.ROS2/interface_example/install/interface_example/include/interface_example/interface_example/srv/detail/add_two_int__traits.hpp
[29.142s] -- Symlinking: /home/pdy/KDTA.ROS2/interface_example/install/interface_example/include/interface_example/interface_example/msg/rosidl_typesupport_fastrtps_cpp__visibility_control.h
[29.173s] -- Symlinking: /home/pdy/KDTA.ROS2/interface_example/install/interface_example/include/interface_example/interface_example/srv/detail/add_two_int__rosidl_typesupport_fastrtps_cpp.hpp
[29.219s] -- Symlinking: /home/pdy/KDTA.ROS2/interface_example/install/interface_example/include/interface_example/interface_example/srv/detail/add_two_int__rosidl_typesupport_introspection_cpp.hpp
[29.282s] -- Symlinking: /home/pdy/KDTA.ROS2/interface_example/install/interface_example/share/interface_example/environment/pythonpath.sh
[29.340s] -- Symlinking: /home/pdy/KDTA.ROS2/interface_example/install/interface_example/share/interface_example/environment/pythonpath.dsv
[29.368s] -- Symlinking: /home/pdy/KDTA.ROS2/interface_example/install/interface_example/local/lib/python3.10/dist-packages/interface_example-0.0.0-py3.10.egg-info/PKG-INFO
[29.398s] -- Symlinking: /home/pdy/KDTA.ROS2/interface_example/install/interface_example/local/lib/python3.10/dist-packages/interface_example-0.0.0-py3.10.egg-info/SOURCES.txt
[29.433s] -- Symlinking: /home/pdy/KDTA.ROS2/interface_example/install/interface_example/local/lib/python3.10/dist-packages/interface_example-0.0.0-py3.10.egg-info/dependency_links.txt
[29.478s] -- Symlinking: /home/pdy/KDTA.ROS2/interface_example/install/interface_example/local/lib/python3.10/dist-packages/interface_example-0.0.0-py3.10.egg-info/top_level.txt
[29.516s] -- Symlinking: /home/pdy/KDTA.ROS2/interface_example/install/interface_example/local/lib/python3.10/dist-packages/interface_example/__init__.py
[29.551s] -- Symlinking: /home/pdy/KDTA.ROS2/interface_example/install/interface_example/local/lib/python3.10/dist-packages/interface_example/_interface_example_s.ep.rosidl_typesupport_c.c
[29.620s] -- Symlinking: /home/pdy/KDTA.ROS2/interface_example/install/interface_example/local/lib/python3.10/dist-packages/interface_example/_interface_example_s.ep.rosidl_typesupport_fastrtps_c.c
[29.678s] -- Symlinking: /home/pdy/KDTA.ROS2/interface_example/install/interface_example/local/lib/python3.10/dist-packages/interface_example/_interface_example_s.ep.rosidl_typesupport_introspection_c.c
[29.713s] -- Symlinking: /home/pdy/KDTA.ROS2/interface_example/install/interface_example/local/lib/python3.10/dist-packages/interface_example/interface_example_s__rosidl_typesupport_c.cpython-310-x86_64-linux-gnu.so
[29.758s] -- Symlinking: /home/pdy/KDTA.ROS2/interface_example/install/interface_example/local/lib/python3.10/dist-packages/interface_example/interface_example_s__rosidl_typesupport_fastrtps_c.cpython-310-x86_64-linux-gnu.so
[29.794s] -- Symlinking: /home/pdy/KDTA.ROS2/interface_example/install/interface_example/local/lib/python3.10/dist-packages/interface_example/interface_example_s__rosidl_typesupport_introspection_c.cpython-310-x86_64-linux-gnu.so
[29.827s] -- Symlinking: /home/pdy/KDTA.ROS2/interface_example/install/interface_example/local/lib/python3.10/dist-packages/interface_example/libinterface_example__rosidl_generator_py.so
[29.882s] -- Symlinking: /home/pdy/KDTA.ROS2/interface_example/install/interface_example/local/lib/python3.10/dist-packages/interface_example/srv/__init__.py
[29.904s] -- Symlinking: /home/pdy/KDTA.ROS2/interface_example/install/interface_example/local/lib/python3.10/dist-packages/interface_example/srv/_add_two_int.py
[29.931s] -- Symlinking: /home/pdy/KDTA.ROS2/interface_example/install/interface_example/local/lib/python3.10/dist-packages/interface_example/srv/_add_two_int_s.c
[30.002s] -- Up-to-date symlink: /home/pdy/KDTA.ROS2/interface_example/install/interface_example/local/lib/python3.10/dist-packages/interface_example/interface_example_s__rosidl_typesupport_fastrtps_c.cpython-310-x86_64-linux-gnu.so
[30.003s] -- Up-to-date symlink: /home/pdy/KDTA.ROS2/interface_example/install/interface_example/local/lib/python3.10/dist-packages/interface_example/interface_example_s__rosidl_typesupport_introspection_c.cpython-310-x86_64-linux-gnu.so
[30.003s] -- Up-to-date symlink: /home/pdy/KDTA.ROS2/interface_example/install/interface_example/local/lib/python3.10/dist-packages/interface_example/interface_example_s__rosidl_typesupport_c.cpython-310-x86_64-linux-gnu.so
[30.003s] -- Symlinking: /home/pdy/KDTA.ROS2/interface_example/install/interface_example/share/interface_example/srv/AddTwoInt.idl
[30.072s] -- Symlinking: /home/pdy/KDTA.ROS2/interface_example/install/interface_example/share/interface_example/srv/AddTwoInt.srv
[30.133s] -- Symlinking: /home/pdy/KDTA.ROS2/interface_example/install/interface_example/share/interface_example/srv/AddTwoInt_Request.msg
[30.165s] -- Symlinking: /home/pdy/KDTA.ROS2/interface_example/install/interface_example/share/interface_example/srv/AddTwoInt_Response.msg
[30.195s] -- Symlinking: /home/pdy/KDTA.ROS2/interface_example/install/interface_example/share/ament_index/resource_index/package_run_dependencies/interface_example
[30.219s] -- Symlinking: /home/pdy/KDTA.ROS2/interface_example/install/interface_example/share/ament_index/resource_index/parent_prefix_path/interface_example
[30.269s] -- Symlinking: /home/pdy/KDTA.ROS2/interface_example/install/interface_example/share/interface_example/environment/ament_prefix_path.sh
[30.351s] -- Symlinking: /home/pdy/KDTA.ROS2/interface_example/install/interface_example/share/interface_example/environment/ament_prefix_path.dsv
[30.351s] -- Symlinking: /home/pdy/KDTA.ROS2/interface_example/install/interface_example/share/interface_example/environment/path.sh
[30.388s] -- Symlinking: /home/pdy/KDTA.ROS2/interface_example/install/interface_example/share/interface_example/environment/path.dsv
[30.443s] -- Symlinking: /home/pdy/KDTA.ROS2/interface_example/install/interface_example/share/interface_example/local_setup.bash
[30.473s] -- Symlinking: /home/pdy/KDTA.ROS2/interface_example/install/interface_example/share/interface_example/local_setup.sh
[30.521s] -- Symlinking: /home/pdy/KDTA.ROS2/interface_example/install/interface_example/share/interface_example/local_setup.zsh
[30.568s] -- Symlinking: /home/pdy/KDTA.ROS2/interface_example/install/interface_example/share/interface_example/local_setup.dsv
[30.594s] -- Symlinking: /home/pdy/KDTA.ROS2/interface_example/install/interface_example/share/interface_example/package.dsv
[30.635s] -- Symlinking: /home/pdy/KDTA.ROS2/interface_example/install/interface_example/share/ament_index/resource_index/packages/interface_example
[30.678s] -- Symlinking: /home/pdy/KDTA.ROS2/interface_example/install/interface_example/share/interface_example/cmake/rosidl_cmake-extras.cmake
[30.717s] -- Symlinking: /home/pdy/KDTA.ROS2/interface_example/install/interface_example/share/interface_example/cmake/ament_cmake_export_include_directories-extras.cmake
[30.747s] -- Symlinking: /home/pdy/KDTA.ROS2/interface_example/install/interface_example/share/interface_example/cmake/ament_cmake_export_libraries-extras.cmake
[30.786s] -- Symlinking: /home/pdy/KDTA.ROS2/interface_example/install/interface_example/share/interface_example/cmake/ament_cmake_export_targets-extras.cmake
[30.823s] -- Symlinking: /home/pdy/KDTA.ROS2/interface_example/install/interface_example/share/interface_example/cmake/rosidl_cmake_export_typesupport_targets-extras.cmake
[30.835s] -- Symlinking: /home/pdy/KDTA.ROS2/interface_example/install/interface_example/share/interface_example/cmake/ament_cmake_export_dependencies-extras.cmake
[30.870s] -- Symlinking: /home/pdy/KDTA.ROS2/interface_example/install/interface_example/share/interface_example/cmake/rosidl_cmake_export_typesupport_libraries-extras.cmake
[30.886s] -- Symlinking: /home/pdy/KDTA.ROS2/interface_example/install/interface_example/share/interface_example/cmake/interface_exampleConfig.cmake
[30.917s] -- Symlinking: /home/pdy/KDTA.ROS2/interface_example/install/interface_example/share/interface_example/cmake/interface_exampleConfig-version.cmake
[30.942s] -- Symlinking: /home/pdy/KDTA.ROS2/interface_example/install/interface_example/share/interface_example/package.xml
[30.979s] -- Installing: /home/pdy/KDTA.ROS2/interface_example/install/interface_example/lib/libinterface_example__rosidl_generator_c.so
[30.979s] -- Set runtime path of "/home/pdy/KDTA.ROS2/interface_example/install/interface_example/lib/libinterface_example__rosidl_generator_c.so" to ""
[30.979s] -- Installing: /home/pdy/KDTA.ROS2/interface_example/install/interface_example/lib/libinterface_example__rosidl_typesupport_fastrtps_c.so
[30.980s] -- Set runtime path of "/home/pdy/KDTA.ROS2/interface_example/install/interface_example/lib/libinterface_example__rosidl_typesupport_fastrtps_c.so" to ""
[30.980s] -- Installing: /home/pdy/KDTA.ROS2/interface_example/install/interface_example/lib/libinterface_example__rosidl_typesupport_introspection_c.so
[30.980s] -- Set runtime path of "/home/pdy/KDTA.ROS2/interface_example/install/interface_example/lib/libinterface_example__rosidl_typesupport_introspection_c.so" to ""
[30.980s] -- Installing: /home/pdy/KDTA.ROS2/interface_example/install/interface_example/lib/libinterface_example__rosidl_typesupport_c.so
[30.980s] -- Set runtime path of "/home/pdy/KDTA.ROS2/interface_example/install/interface_example/lib/libinterface_example__rosidl_typesupport_c.so" to ""
[30.981s] -- Installing: /home/pdy/KDTA.ROS2/interface_example/install/interface_example/lib/libinterface_example__rosidl_typesupport_fastrtps_cpp.so
[30.998s] -- Set runtime path of "/home/pdy/KDTA.ROS2/interface_example/install/interface_example/lib/libinterface_example__rosidl_typesupport_fastrtps_cpp.so" to ""
[30.998s] -- Installing: /home/pdy/KDTA.ROS2/interface_example/install/interface_example/lib/libinterface_example__rosidl_typesupport_introspection_cpp.so
[30.998s] -- Set runtime path of "/home/pdy/KDTA.ROS2/interface_example/install/interface_example/lib/libinterface_example__rosidl_typesupport_introspection_cpp.so" to ""
[30.999s] -- Installing: /home/pdy/KDTA.ROS2/interface_example/install/interface_example/lib/libinterface_example__rosidl_typesupport_cpp.so
[30.999s] -- Set runtime path of "/home/pdy/KDTA.ROS2/interface_example/install/interface_example/lib/libinterface_example__rosidl_typesupport_cpp.so" to ""
[31.117s] Listing '/home/pdy/KDTA.ROS2/interface_example/install/interface_example/local/lib/python3.10/dist-packages/interface_example'...
[31.117s] Compiling '/home/pdy/KDTA.ROS2/interface_example/install/interface_example/local/lib/python3.10/dist-packages/interface_example/__init__.py'...
[31.117s] Listing '/home/pdy/KDTA.ROS2/interface_example/install/interface_example/local/lib/python3.10/dist-packages/interface_example/srv'...
[31.118s] Compiling '/home/pdy/KDTA.ROS2/interface_example/install/interface_example/local/lib/python3.10/dist-packages/interface_example/srv/__init__.py'...
[31.122s] Compiling '/home/pdy/KDTA.ROS2/interface_example/install/interface_example/local/lib/python3.10/dist-packages/interface_example/srv/_add_two_int.py'...
[31.135s] -- Installing: /home/pdy/KDTA.ROS2/interface_example/install/interface_example/lib/libinterface_example__rosidl_generator_py.so
[31.140s] -- Set runtime path of "/home/pdy/KDTA.ROS2/interface_example/install/interface_example/lib/libinterface_example__rosidl_generator_py.so" to ""
[31.140s] -- Installing: /home/pdy/KDTA.ROS2/interface_example/install/interface_example/share/interface_example/cmake/export_interface_example__rosidl_generator_cExport.cmake
[31.142s] -- Installing: /home/pdy/KDTA.ROS2/interface_example/install/interface_example/share/interface_example/cmake/export_interface_example__rosidl_generator_cExport-noconfig.cmake
[31.142s] -- Installing: /home/pdy/KDTA.ROS2/interface_example/install/interface_example/share/interface_example/cmake/export_interface_example__rosidl_typesupport_fastrtps_cExport.cmake
[31.142s] -- Installing: /home/pdy/KDTA.ROS2/interface_example/install/interface_example/share/interface_example/cmake/export_interface_example__rosidl_typesupport_fastrtps_cExport-noconfig.cmake
[31.142s] -- Installing: /home/pdy/KDTA.ROS2/interface_example/install/interface_example/share/interface_example/cmake/interface_example__rosidl_typesupport_introspection_cExport.cmake
[31.143s] -- Installing: /home/pdy/KDTA.ROS2/interface_example/install/interface_example/share/interface_example/cmake/interface_example__rosidl_typesupport_introspection_cExport-noconfig.cmake
[31.143s] -- Installing: /home/pdy/KDTA.ROS2/interface_example/install/interface_example/share/interface_example/cmake/interface_example__rosidl_typesupport_cExport.cmake
[31.143s] -- Installing: /home/pdy/KDTA.ROS2/interface_example/install/interface_example/share/interface_example/cmake/interface_example__rosidl_typesupport_cExport-noconfig.cmake
[31.143s] -- Installing: /home/pdy/KDTA.ROS2/interface_example/install/interface_example/share/interface_example/cmake/export_interface_example__rosidl_generator_cppExport.cmake
[31.143s] -- Installing: /home/pdy/KDTA.ROS2/interface_example/install/interface_example/share/interface_example/cmake/export_interface_example__rosidl_typesupport_fastrtps_cppExport.cmake
[31.144s] -- Installing: /home/pdy/KDTA.ROS2/interface_example/install/interface_example/share/interface_example/cmake/export_interface_example__rosidl_typesupport_fastrtps_cppExport-noconfig.cmake
[31.144s] -- Installing: /home/pdy/KDTA.ROS2/interface_example/install/interface_example/share/interface_example/cmake/interface_example__rosidl_typesupport_introspection_cppExport.cmake
[31.144s] -- Installing: /home/pdy/KDTA.ROS2/interface_example/install/interface_example/share/interface_example/cmake/interface_example__rosidl_typesupport_introspection_cppExport-noconfig.cmake
[31.144s] -- Installing: /home/pdy/KDTA.ROS2/interface_example/install/interface_example/share/interface_example/cmake/interface_example__rosidl_typesupport_cppExport.cmake
[31.144s] -- Installing: /home/pdy/KDTA.ROS2/interface_example/install/interface_example/share/interface_example/cmake/interface_example__rosidl_typesupport_cppExport-noconfig.cmake
[31.145s] -- Installing: /home/pdy/KDTA.ROS2/interface_example/install/interface_example/share/interface_example/cmake/export_interface_example__rosidl_generator_pyExport.cmake
[31.145s] -- Installing: /home/pdy/KDTA.ROS2/interface_example/install/interface_example/share/interface_example/cmake/export_interface_example__rosidl_generator_pyExport-noconfig.cmake
[31.175s] Invoked command in '/home/pdy/KDTA.ROS2/interface_example/build/interface_example' returned '0': CMAKE_PREFIX_PATH=${CMAKE_PREFIX_PATH}:/opt/ros/humble /usr/bin/cmake --install /home/pdy/KDTA.ROS2/interface_example/build/interface_example
